[INFO]: Started logging...
February 25th 2021, 18:12:08 seed: 1978001627
February 25th 2021, 18:12:11 [[32mINFO[39m]: Fox3000 (::ffff:127.0.0.1) connected
February 25th 2021, 18:12:11 [[32mINFO[39m]: position written, player spawning...
February 25th 2021, 18:12:57 [[31mERR[39m]: Command not found
February 25th 2021, 18:13:01 [[31mERR[39m]: Command not found
February 25th 2021, 18:13:04 [[31mERR[39m]: Usage: /gamemode <mode> [player]
February 25th 2021, 18:13:16 [[31mERR[39m]: Player '_Fox3000_' cannot be found
February 25th 2021, 18:13:29 [[32mINFO[39m]: Set Fox3000's game mode to 0 Mode
February 25th 2021, 18:14:13 [[32mINFO[39m]: Fox3000 disconnected
February 25th 2021, 18:14:13 [[31mERR[39m]: Client ::ffff:127.0.0.1:49058 : Error: This socket has been ended by the other party
    at Socket.writeAfterFIN [as write] (net.js:456:14)
    at Framer.ondata (/home/lsannier/Desktop/webmc-fork/node_modules/minecraft-protocol/node_modules/readable-stream/lib/_stream_readable.js:681:20)
    at Framer.emit (events.js:315:20)
    at addChunk (/home/lsannier/Desktop/webmc-fork/node_modules/minecraft-protocol/node_modules/readable-stream/lib/_stream_readable.js:298:12)
    at readableAddChunk (/home/lsannier/Desktop/webmc-fork/node_modules/minecraft-protocol/node_modules/readable-stream/lib/_stream_readable.js:280:11)
    at Framer.Readable.push (/home/lsannier/Desktop/webmc-fork/node_modules/minecraft-protocol/node_modules/readable-stream/lib/_stream_readable.js:241:10)
    at Framer.Transform.push (/home/lsannier/Desktop/webmc-fork/node_modules/minecraft-protocol/node_modules/readable-stream/lib/_stream_transform.js:139:32)
    at Framer._transform (/home/lsannier/Desktop/webmc-fork/node_modules/minecraft-protocol/src/transforms/framing.js:20:10)
    at Framer.Transform._read (/home/lsannier/Desktop/webmc-fork/node_modules/minecraft-protocol/node_modules/readable-stream/lib/_stream_transform.js:177:10)
    at Framer.Transform._write (/home/lsannier/Desktop/webmc-fork/node_modules/minecraft-protocol/node_modules/readable-stream/lib/_stream_transform.js:164:83)
